<?xml version="1.0" encoding="UTF-8"?>
<!-- Generated by org.testng.reporters.JUnitXMLReporter -->
<testsuite ignored="0" hostname="Neetu-PC" failures="0" tests="3" name="Default test" time="27.664" errors="0" timestamp="2022-11-22T00:35:23 IST">
  <testcase classname="testCases.Test_Case013" name="preSteps" time="2.769"/>
  <testcase classname="testCases.Test_Case013" name="check_total" time="5.545"/>
  <testcase classname="testCases.Test_Case013" name="check_total" time="8.013"/>
</testsuite> <!-- Default test -->
