<?xml version="1.0" encoding="UTF-8"?>
<!-- Generated by org.testng.reporters.JUnitXMLReporter -->
<testsuite ignored="0" hostname="Neetu-PC" failures="0" tests="4" name="Default test" time="65.088" errors="0" timestamp="2022-11-20T20:24:10 IST">
  <testcase classname="testCases.Test_Case013" name="check_total" time="9.043"/>
  <testcase classname="testCases.Test_Case013" name="check_total" time="13.098"/>
  <testcase classname="testCases.Test_Case013" name="check_total" time="18.725"/>
  <testcase classname="testCases.Test_Case013" name="check_total" time="11.157"/>
</testsuite> <!-- Default test -->
