<?xml version="1.0" encoding="UTF-8"?>
<!-- Generated by org.testng.reporters.JUnitXMLReporter -->
<testsuite ignored="0" hostname="Neetu-PC" failures="0" tests="9" name="Test" time="59.77" errors="0" timestamp="2022-10-30T14:14:04 IST">
  <testcase classname="testCases.Test_Case002" name="test2" time="2.569"/>
  <testcase classname="testCases.Test_Case003" name="test3" time="3.84"/>
  <testcase classname="testCases.Test_Case003" name="test3" time="3.236"/>
  <testcase classname="testCases.Test_Case003" name="test3" time="3.128"/>
  <testcase classname="testCases.Test_Case004" name="test4" time="3.864"/>
  <testcase classname="testCases.Test_Case005" name="test5" time="4.19"/>
  <testcase classname="testCases.Test_Case006" name="test6" time="4.689"/>
  <testcase classname="testCases.Test_Case007" name="test7" time="4.112"/>
  <testcase classname="testCases.Test_Case008" name="test8" time="3.867"/>
</testsuite> <!-- Test -->
